<?xml version="1.0" encoding="utf-8"?><testsuites><testsuite name="pytest" errors="0" failures="0" skipped="0" tests="14" time="0.119" timestamp="2025-11-30T17:52:46.055703" hostname="PaulMc"><testcase classname="tests.test_membership.TestRequirement1" name="test_select_valid_plan" time="0.002" /><testcase classname="tests.test_membership.TestRequirement1" name="test_select_invalid_plan" time="0.001" /><testcase classname="tests.test_membership.TestRequirement1" name="test_get_plans_list" time="0.001" /><testcase classname="tests.test_membership.TestRequirement2" name="test_add_valid_feature" time="0.001" /><testcase classname="tests.test_membership.TestRequirement2" name="test_add_invalid_feature" time="0.001" /><testcase classname="tests.test_membership.TestRequirement2" name="test_add_duplicate_feature" time="0.001" /><testcase classname="tests.test_membership.TestRequirement2" name="test_get_features_list" time="0.001" /><testcase classname="tests.test_membership.TestRequirement3" name="test_calculate_basic_cost" time="0.001" /><testcase classname="tests.test_membership.TestRequirement3" name="test_calculate_premium_cost" time="0.001" /><testcase classname="tests.test_membership.TestRequirement3" name="test_calculate_with_features" time="0.002" /><testcase classname="tests.test_membership.TestRequirement3" name="test_calculate_no_plan" time="0.001" /><testcase classname="tests.test_membership.TestRequirement7" name="test_validate_plan_availability" time="0.001" /><testcase classname="tests.test_membership.TestRequirement7" name="test_validate_feature_availability" time="0.002" /><testcase classname="tests.test_membership.TestIntegration" name="test_complete_flow" time="0.002" /></testsuite></testsuites>